<?xml version="1.0" encoding="UTF-8"?>
<!-- Generated by org.testng.reporters.JUnitReportReporter -->
<testsuite hostname="PC-f7ad11" failures="0" tests="3" name="Customer.Test1" time="0.009" errors="0" timestamp="2023-09-06T11:03:23 IST" skipped="0">
  <testcase classname="Customer.Test1" name="modifycustomer" time="0.000"/>
  <system-out/>
  <testcase classname="Customer.Test1" name="cretecustomer" time="0.005"/>
  <system-out/>
  <testcase classname="Customer.Test1" name="deletecustomer" time="0.004"/>
  <system-out/>
</testsuite> <!-- Customer.Test1 -->
