<?xml version="1.0" encoding="UTF-8"?>
<!-- Generated by org.testng.reporters.JUnitReportReporter -->
<testsuite hostname="PC-f7ad11" failures="0" tests="1" name="Customer.CreateUser" time="0.001" errors="0" timestamp="2023-09-06T11:46:06 IST" skipped="0">
  <testcase classname="Customer.CreateUser" name="createuser" time="0.001"/>
  <system-out/>
</testsuite> <!-- Customer.CreateUser -->
